2026-03-03 20:14:21 info: =================================
2026-03-03 20:14:21 info: ======= ENV: development =======
2026-03-03 20:14:21 info: 🚀 App listening on the port 5000
2026-03-03 20:14:21 info: =================================
2026-03-03 20:14:21 info: 1ms Executed (default): SELECT 1+1 AS result
2026-03-03 20:14:21 info: 5ms Executed (default): SELECT TABLE_NAME FROM INFORMATION_SCHEMA.TABLES WHERE TABLE_TYPE = 'BASE TABLE' AND TABLE_NAME = 'users' AND TABLE_SCHEMA = 'dev'
2026-03-03 20:14:21 info: 3ms Executed (default): SHOW INDEX FROM `users`
2026-03-03 20:14:34 info: [0mGET /api-docs/ [32m200[0m 7.042 ms - -[0m
2026-03-03 20:14:34 info: [0mGET /api-docs/swagger-ui-init.js [32m200[0m 0.597 ms - -[0m
2026-03-03 20:14:34 info: [0mGET /api-docs/swagger-ui.css [32m200[0m 8.077 ms - -[0m
2026-03-03 20:14:34 info: [0mGET /api-docs/swagger-ui-standalone-preset.js [32m200[0m 2.887 ms - -[0m
2026-03-03 20:14:34 info: [0mGET /api-docs/swagger-ui-bundle.js [32m200[0m 3.513 ms - -[0m
2026-03-03 20:14:39 info: 11ms Executed (default): SELECT `id`, `email`, `password`, `created_at` AS `createdAt`, `updated_at` AS `updatedAt` FROM `users` AS `UserModel`;
2026-03-03 20:14:39 info: [0mGET /users [32m200[0m 18.201 ms - 414[0m
2026-03-03 20:15:21 info: 1ms Executed (default): SELECT `id`, `email`, `password`, `created_at` AS `createdAt`, `updated_at` AS `updatedAt` FROM `users` AS `UserModel` WHERE `UserModel`.`id` = 1;
2026-03-03 20:15:21 info: [0mGET /users/1 [32m200[0m 7.885 ms - 229[0m
2026-03-03 20:29:03 info: =================================
2026-03-03 20:29:03 info: ======= ENV: development =======
2026-03-03 20:29:03 info: 🚀 App listening on the port 5000
2026-03-03 20:29:03 info: =================================
2026-03-03 20:29:03 info: 2ms Executed (default): SELECT 1+1 AS result
2026-03-03 20:29:03 info: 2ms Executed (default): SELECT TABLE_NAME FROM INFORMATION_SCHEMA.TABLES WHERE TABLE_TYPE = 'BASE TABLE' AND TABLE_NAME = 'users' AND TABLE_SCHEMA = 'dev'
2026-03-03 20:29:03 info: 3ms Executed (default): SHOW INDEX FROM `users`
2026-03-03 20:34:29 info: =================================
2026-03-03 20:34:29 info: ======= ENV: development =======
2026-03-03 20:34:29 info: 🚀 App listening on the port 5000
2026-03-03 20:34:29 info: =================================
2026-03-03 20:34:29 info: 1ms Executed (default): SELECT 1+1 AS result
2026-03-03 20:34:29 info: 2ms Executed (default): SELECT TABLE_NAME FROM INFORMATION_SCHEMA.TABLES WHERE TABLE_TYPE = 'BASE TABLE' AND TABLE_NAME = 'users' AND TABLE_SCHEMA = 'dev'
2026-03-03 20:34:29 info: 4ms Executed (default): SHOW INDEX FROM `users`
2026-03-03 20:34:42 info: =================================
2026-03-03 20:34:42 info: ======= ENV: development =======
2026-03-03 20:34:42 info: 🚀 App listening on the port 5000
2026-03-03 20:34:42 info: =================================
2026-03-03 20:34:42 info: 1ms Executed (default): SELECT 1+1 AS result
2026-03-03 20:34:42 info: 2ms Executed (default): SELECT TABLE_NAME FROM INFORMATION_SCHEMA.TABLES WHERE TABLE_TYPE = 'BASE TABLE' AND TABLE_NAME = 'users' AND TABLE_SCHEMA = 'dev'
2026-03-03 20:34:42 info: 4ms Executed (default): SHOW INDEX FROM `users`
2026-03-03 20:35:00 info: =================================
2026-03-03 20:35:00 info: ======= ENV: development =======
2026-03-03 20:35:00 info: 🚀 App listening on the port 5000
2026-03-03 20:35:00 info: =================================
2026-03-03 20:35:00 info: 1ms Executed (default): SELECT 1+1 AS result
2026-03-03 20:35:00 info: 2ms Executed (default): SELECT TABLE_NAME FROM INFORMATION_SCHEMA.TABLES WHERE TABLE_TYPE = 'BASE TABLE' AND TABLE_NAME = 'users' AND TABLE_SCHEMA = 'dev'
2026-03-03 20:35:00 info: 3ms Executed (default): SHOW INDEX FROM `users`
2026-03-03 20:35:22 info: =================================
2026-03-03 20:35:22 info: ======= ENV: development =======
2026-03-03 20:35:22 info: 🚀 App listening on the port 5000
2026-03-03 20:35:22 info: =================================
2026-03-03 20:35:22 info: 0ms Executed (default): SELECT 1+1 AS result
2026-03-03 20:35:22 info: 2ms Executed (default): SELECT TABLE_NAME FROM INFORMATION_SCHEMA.TABLES WHERE TABLE_TYPE = 'BASE TABLE' AND TABLE_NAME = 'users' AND TABLE_SCHEMA = 'dev'
2026-03-03 20:35:22 info: 2ms Executed (default): SHOW INDEX FROM `users`
2026-03-03 20:36:37 info: =================================
2026-03-03 20:36:37 info: ======= ENV: development =======
2026-03-03 20:36:37 info: 🚀 App listening on the port 5000
2026-03-03 20:36:37 info: =================================
2026-03-03 20:36:37 info: 1ms Executed (default): SELECT 1+1 AS result
2026-03-03 20:36:37 info: 3ms Executed (default): SELECT TABLE_NAME FROM INFORMATION_SCHEMA.TABLES WHERE TABLE_TYPE = 'BASE TABLE' AND TABLE_NAME = 'users' AND TABLE_SCHEMA = 'dev'
2026-03-03 20:36:37 info: 3ms Executed (default): SHOW INDEX FROM `users`
2026-03-03 20:36:53 info: =================================
2026-03-03 20:36:53 info: ======= ENV: development =======
2026-03-03 20:36:53 info: 🚀 App listening on the port 5000
2026-03-03 20:36:53 info: =================================
2026-03-03 20:36:53 info: 1ms Executed (default): SELECT 1+1 AS result
2026-03-03 20:36:53 info: 3ms Executed (default): SELECT TABLE_NAME FROM INFORMATION_SCHEMA.TABLES WHERE TABLE_TYPE = 'BASE TABLE' AND TABLE_NAME = 'users' AND TABLE_SCHEMA = 'dev'
2026-03-03 20:36:53 info: 3ms Executed (default): SHOW INDEX FROM `users`
2026-03-03 20:37:16 info: =================================
2026-03-03 20:37:16 info: ======= ENV: development =======
2026-03-03 20:37:16 info: 🚀 App listening on the port 5000
2026-03-03 20:37:16 info: =================================
2026-03-03 20:37:16 info: 1ms Executed (default): SELECT 1+1 AS result
2026-03-03 20:37:16 info: 2ms Executed (default): SELECT TABLE_NAME FROM INFORMATION_SCHEMA.TABLES WHERE TABLE_TYPE = 'BASE TABLE' AND TABLE_NAME = 'users' AND TABLE_SCHEMA = 'dev'
2026-03-03 20:37:16 info: 3ms Executed (default): SHOW INDEX FROM `users`
2026-03-03 20:37:31 info: =================================
2026-03-03 20:37:31 info: ======= ENV: development =======
2026-03-03 20:37:31 info: 🚀 App listening on the port 5000
2026-03-03 20:37:31 info: =================================
2026-03-03 20:37:31 info: 1ms Executed (default): SELECT 1+1 AS result
2026-03-03 20:37:31 info: 2ms Executed (default): SELECT TABLE_NAME FROM INFORMATION_SCHEMA.TABLES WHERE TABLE_TYPE = 'BASE TABLE' AND TABLE_NAME = 'users' AND TABLE_SCHEMA = 'dev'
2026-03-03 20:37:31 info: 4ms Executed (default): SHOW INDEX FROM `users`
2026-03-03 20:37:42 info: =================================
2026-03-03 20:37:42 info: ======= ENV: development =======
2026-03-03 20:37:42 info: 🚀 App listening on the port 5000
2026-03-03 20:37:42 info: =================================
2026-03-03 20:37:42 info: 0ms Executed (default): SELECT 1+1 AS result
2026-03-03 20:37:42 info: 2ms Executed (default): SELECT TABLE_NAME FROM INFORMATION_SCHEMA.TABLES WHERE TABLE_TYPE = 'BASE TABLE' AND TABLE_NAME = 'users' AND TABLE_SCHEMA = 'dev'
2026-03-03 20:37:42 info: 4ms Executed (default): SHOW INDEX FROM `users`
2026-03-03 20:38:05 info: =================================
2026-03-03 20:38:05 info: ======= ENV: development =======
2026-03-03 20:38:05 info: 🚀 App listening on the port 5000
2026-03-03 20:38:05 info: =================================
2026-03-03 20:38:05 info: 1ms Executed (default): SELECT 1+1 AS result
2026-03-03 20:38:05 info: 2ms Executed (default): SELECT TABLE_NAME FROM INFORMATION_SCHEMA.TABLES WHERE TABLE_TYPE = 'BASE TABLE' AND TABLE_NAME = 'users' AND TABLE_SCHEMA = 'dev'
2026-03-03 20:38:05 info: 3ms Executed (default): SHOW INDEX FROM `users`
2026-03-03 20:40:41 info: =================================
2026-03-03 20:40:41 info: ======= ENV: development =======
2026-03-03 20:40:41 info: 🚀 App listening on the port 5000
2026-03-03 20:40:41 info: =================================
2026-03-03 20:40:41 info: 1ms Executed (default): SELECT 1+1 AS result
2026-03-03 20:40:41 info: 2ms Executed (default): SELECT TABLE_NAME FROM INFORMATION_SCHEMA.TABLES WHERE TABLE_TYPE = 'BASE TABLE' AND TABLE_NAME = 'users' AND TABLE_SCHEMA = 'dev'
2026-03-03 20:40:41 info: 3ms Executed (default): SHOW INDEX FROM `users`
2026-03-03 20:40:58 info: =================================
2026-03-03 20:40:58 info: ======= ENV: development =======
2026-03-03 20:40:58 info: 🚀 App listening on the port 5000
2026-03-03 20:40:58 info: =================================
2026-03-03 20:40:58 info: 1ms Executed (default): SELECT 1+1 AS result
2026-03-03 20:40:58 info: 2ms Executed (default): SELECT TABLE_NAME FROM INFORMATION_SCHEMA.TABLES WHERE TABLE_TYPE = 'BASE TABLE' AND TABLE_NAME = 'users' AND TABLE_SCHEMA = 'dev'
2026-03-03 20:40:58 info: 3ms Executed (default): SHOW INDEX FROM `users`
2026-03-03 20:42:34 info: =================================
2026-03-03 20:42:34 info: ======= ENV: development =======
2026-03-03 20:42:34 info: 🚀 App listening on the port 5000
2026-03-03 20:42:34 info: =================================
2026-03-03 20:42:34 info: 1ms Executed (default): SELECT 1+1 AS result
2026-03-03 20:42:34 info: 3ms Executed (default): SELECT TABLE_NAME FROM INFORMATION_SCHEMA.TABLES WHERE TABLE_TYPE = 'BASE TABLE' AND TABLE_NAME = 'users' AND TABLE_SCHEMA = 'dev'
2026-03-03 20:42:34 info: 2ms Executed (default): SHOW INDEX FROM `users`
2026-03-03 20:42:42 info: =================================
2026-03-03 20:42:42 info: ======= ENV: development =======
2026-03-03 20:42:42 info: 🚀 App listening on the port 5000
2026-03-03 20:42:42 info: =================================
2026-03-03 20:42:42 info: 1ms Executed (default): SELECT 1+1 AS result
2026-03-03 20:42:42 info: 2ms Executed (default): SELECT TABLE_NAME FROM INFORMATION_SCHEMA.TABLES WHERE TABLE_TYPE = 'BASE TABLE' AND TABLE_NAME = 'users' AND TABLE_SCHEMA = 'dev'
2026-03-03 20:42:42 info: 3ms Executed (default): SHOW INDEX FROM `users`
2026-03-03 20:42:42 info: 15ms Executed (default): SELECT `id`, `email`, `password`, `full_name` AS `fullName`, `role`, `status`, `last_login_at` AS `lastLoginAt`, `created_at` AS `createdAt`, `updated_at` AS `updatedAt` FROM `users` AS `UserModel` WHERE `UserModel`.`email` = 'admin@thsp.edu.vn';
2026-03-03 20:42:42 error: ❌ Failed to seed admin user: Unknown column 'full_name' in 'field list'
2026-03-03 20:43:45 info: [0mGET /api-docs/ [36m304[0m 5.381 ms - -[0m
2026-03-03 20:43:45 info: [0mGET /api-docs/swagger-ui.css [36m304[0m 4.489 ms - -[0m
2026-03-03 20:43:45 info: [0mGET /api-docs/swagger-ui-bundle.js [36m304[0m 3.350 ms - -[0m
2026-03-03 20:43:45 info: [0mGET /api-docs/swagger-ui-init.js [36m304[0m 0.456 ms - -[0m
2026-03-03 20:43:45 info: [0mGET /api-docs/swagger-ui-standalone-preset.js [36m304[0m 2.048 ms - -[0m
2026-03-03 20:43:49 info: [0mGET /api-docs/ [36m304[0m 0.759 ms - -[0m
2026-03-03 20:43:49 info: [0mGET /api-docs/swagger-ui-init.js [36m304[0m 0.331 ms - -[0m
2026-03-03 20:43:49 info: [0mGET /api-docs/swagger-ui.css [36m304[0m 4.933 ms - -[0m
2026-03-03 20:43:49 info: [0mGET /api-docs/swagger-ui-bundle.js [36m304[0m 5.257 ms - -[0m
2026-03-03 20:43:49 info: [0mGET /api-docs/swagger-ui-standalone-preset.js [36m304[0m 5.828 ms - -[0m
2026-03-03 20:43:49 info: [0mGET /api-docs/favicon-32x32.png [32m200[0m 2.198 ms - 628[0m
2026-03-03 20:46:09 info: =================================
2026-03-03 20:46:09 info: ======= ENV: development =======
2026-03-03 20:46:09 info: 🚀 App listening on the port 5000
2026-03-03 20:46:09 info: =================================
2026-03-03 20:46:09 info: 1ms Executed (default): SELECT 1+1 AS result
2026-03-03 20:46:09 info: 2ms Executed (default): SELECT TABLE_NAME FROM INFORMATION_SCHEMA.TABLES WHERE TABLE_TYPE = 'BASE TABLE' AND TABLE_NAME = 'users' AND TABLE_SCHEMA = 'dev'
2026-03-03 20:46:09 info: 2ms Executed (default): SHOW INDEX FROM `users`
2026-03-03 20:46:09 info: 9ms Executed (default): SELECT `id`, `email`, `password`, `full_name` AS `fullName`, `role`, `status`, `last_login_at` AS `lastLoginAt`, `created_at` AS `createdAt`, `updated_at` AS `updatedAt` FROM `users` AS `UserModel` WHERE `UserModel`.`email` = 'admin@thsp.edu.vn';
2026-03-03 20:46:09 error: ❌ Failed to seed admin user: Unknown column 'full_name' in 'field list'
2026-03-03 20:46:48 info: =================================
2026-03-03 20:46:48 info: ======= ENV: development =======
2026-03-03 20:46:48 info: 🚀 App listening on the port 5000
2026-03-03 20:46:48 info: =================================
2026-03-03 20:46:48 info: 1ms Executed (default): SELECT 1+1 AS result
2026-03-03 20:46:48 info: 2ms Executed (default): SELECT TABLE_NAME FROM INFORMATION_SCHEMA.TABLES WHERE TABLE_TYPE = 'BASE TABLE' AND TABLE_NAME = 'users' AND TABLE_SCHEMA = 'dev'
2026-03-03 20:46:48 info: 2ms Executed (default): SHOW FULL COLUMNS FROM `users`;
2026-03-03 20:46:48 info: 4ms Executed (default): SELECT CONSTRAINT_NAME as constraint_name,CONSTRAINT_NAME as constraintName,CONSTRAINT_SCHEMA as constraintSchema,CONSTRAINT_SCHEMA as constraintCatalog,TABLE_NAME as tableName,TABLE_SCHEMA as tableSchema,TABLE_SCHEMA as tableCatalog,COLUMN_NAME as columnName,REFERENCED_TABLE_SCHEMA as referencedTableSchema,REFERENCED_TABLE_SCHEMA as referencedTableCatalog,REFERENCED_TABLE_NAME as referencedTableName,REFERENCED_COLUMN_NAME as referencedColumnName FROM INFORMATION_SCHEMA.KEY_COLUMN_USAGE where TABLE_NAME = 'users' AND CONSTRAINT_NAME!='PRIMARY' AND CONSTRAINT_SCHEMA='dev' AND REFERENCED_TABLE_NAME IS NOT NULL;
2026-03-03 20:46:48 info: 18ms Executed (default): ALTER TABLE `users` ADD `full_name` VARCHAR(100) NOT NULL;
2026-03-03 20:46:48 info: 7ms Executed (default): ALTER TABLE `users` ADD `role` ENUM('admin', 'manager', 'staff') NOT NULL DEFAULT 'staff';
2026-03-03 20:46:48 info: 7ms Executed (default): ALTER TABLE `users` ADD `status` ENUM('active', 'inactive', 'locked') NOT NULL DEFAULT 'active';
2026-03-03 20:46:48 info: 6ms Executed (default): ALTER TABLE `users` ADD `last_login_at` DATETIME;
2026-03-03 20:46:48 info: 25ms Executed (default): ALTER TABLE `users` CHANGE `email` `email` VARCHAR(100) NOT NULL UNIQUE;
2026-03-03 20:46:48 info: 7ms Executed (default): ALTER TABLE `users` CHANGE `password` `password` VARCHAR(255) NOT NULL;
2026-03-03 20:46:48 info: 6ms Executed (default): ALTER TABLE `users` CHANGE `created_at` `created_at` DATETIME NOT NULL;
2026-03-03 20:46:48 info: 6ms Executed (default): ALTER TABLE `users` CHANGE `updated_at` `updated_at` DATETIME NOT NULL;
2026-03-03 20:46:48 info: 4ms Executed (default): SHOW INDEX FROM `users`
2026-03-03 20:46:48 info: 1ms Executed (default): SELECT `id`, `email`, `password`, `full_name` AS `fullName`, `role`, `status`, `last_login_at` AS `lastLoginAt`, `created_at` AS `createdAt`, `updated_at` AS `updatedAt` FROM `users` AS `UserModel` WHERE `UserModel`.`email` = 'admin@thsp.edu.vn';
2026-03-03 20:46:48 info: 8ms Executed (default): INSERT INTO `users` (`id`,`email`,`password`,`full_name`,`role`,`status`,`created_at`,`updated_at`) VALUES (DEFAULT,?,?,?,?,?,?,?); "admin@thsp.edu.vn", "$2b$10$DRvoUodQBxoIFOypWPSWxuuDxzAGp3hJpXLzYwpkGJwyPghGjtw46", "Quản trị viên", "admin", "active", "2026-03-03 20:46:48", "2026-03-03 20:46:48"
2026-03-03 20:46:48 info: ✅ Admin user seeded successfully
2026-03-03 20:47:06 info: [0mGET /api-docs/ [36m304[0m 4.995 ms - -[0m
2026-03-03 20:47:06 info: [0mGET /api-docs/swagger-ui.css [36m304[0m 3.453 ms - -[0m
2026-03-03 20:47:06 info: [0mGET /api-docs/swagger-ui-bundle.js [36m304[0m 3.610 ms - -[0m
2026-03-03 20:47:06 info: [0mGET /api-docs/swagger-ui-init.js [36m304[0m 0.882 ms - -[0m
2026-03-03 20:47:06 info: [0mGET /api-docs/swagger-ui-standalone-preset.js [36m304[0m 4.116 ms - -[0m
2026-03-03 20:47:07 info: [0mGET /api-docs/favicon-32x32.png [36m304[0m 0.960 ms - -[0m
2026-03-03 20:47:34 info: [0mGET /api-docs/ [36m304[0m 0.682 ms - -[0m
2026-03-03 20:47:34 info: [0mGET /api-docs/swagger-ui.css [36m304[0m 1.282 ms - -[0m
2026-03-03 20:47:34 info: [0mGET /api-docs/swagger-ui-bundle.js [36m304[0m 1.040 ms - -[0m
2026-03-03 20:47:34 info: [0mGET /api-docs/swagger-ui-init.js [36m304[0m 0.399 ms - -[0m
2026-03-03 20:47:34 info: [0mGET /api-docs/swagger-ui-standalone-preset.js [36m304[0m 2.397 ms - -[0m
2026-03-03 20:47:34 info: [0mGET /api-docs/favicon-32x32.png [36m304[0m 0.844 ms - -[0m
2026-03-03 20:49:35 info: =================================
2026-03-03 20:49:35 info: ======= ENV: development =======
2026-03-03 20:49:35 info: 🚀 App listening on the port 5000
2026-03-03 20:49:35 info: =================================
2026-03-03 20:49:35 info: 1ms Executed (default): SELECT 1+1 AS result
2026-03-03 20:49:35 info: 1ms Executed (default): SELECT TABLE_NAME FROM INFORMATION_SCHEMA.TABLES WHERE TABLE_TYPE = 'BASE TABLE' AND TABLE_NAME = 'users' AND TABLE_SCHEMA = 'dev'
2026-03-03 20:49:35 info: 2ms Executed (default): SELECT CONSTRAINT_NAME as constraint_name,CONSTRAINT_NAME as constraintName,CONSTRAINT_SCHEMA as constraintSchema,CONSTRAINT_SCHEMA as constraintCatalog,TABLE_NAME as tableName,TABLE_SCHEMA as tableSchema,TABLE_SCHEMA as tableCatalog,COLUMN_NAME as columnName,REFERENCED_TABLE_SCHEMA as referencedTableSchema,REFERENCED_TABLE_SCHEMA as referencedTableCatalog,REFERENCED_TABLE_NAME as referencedTableName,REFERENCED_COLUMN_NAME as referencedColumnName FROM INFORMATION_SCHEMA.KEY_COLUMN_USAGE where TABLE_NAME = 'users' AND CONSTRAINT_NAME!='PRIMARY' AND CONSTRAINT_SCHEMA='dev' AND REFERENCED_TABLE_NAME IS NOT NULL;
2026-03-03 20:49:35 info: 3ms Executed (default): SHOW FULL COLUMNS FROM `users`;
2026-03-03 20:49:35 info: 29ms Executed (default): ALTER TABLE `users` CHANGE `email` `email` VARCHAR(100) NOT NULL UNIQUE;
2026-03-03 20:49:35 info: 5ms Executed (default): ALTER TABLE `users` CHANGE `password` `password` VARCHAR(255) NOT NULL;
2026-03-03 20:49:35 info: 5ms Executed (default): ALTER TABLE `users` CHANGE `created_at` `created_at` DATETIME NOT NULL;
2026-03-03 20:49:35 info: 9ms Executed (default): ALTER TABLE `users` CHANGE `updated_at` `updated_at` DATETIME NOT NULL;
2026-03-03 20:49:35 info: 5ms Executed (default): ALTER TABLE `users` CHANGE `full_name` `full_name` VARCHAR(100) NOT NULL;
2026-03-03 20:49:35 info: 5ms Executed (default): ALTER TABLE `users` CHANGE `role` `role` ENUM('admin', 'manager', 'staff') NOT NULL DEFAULT 'staff';
2026-03-03 20:49:35 info: 5ms Executed (default): ALTER TABLE `users` CHANGE `status` `status` ENUM('active', 'inactive', 'locked') NOT NULL DEFAULT 'active';
2026-03-03 20:49:35 info: 6ms Executed (default): ALTER TABLE `users` CHANGE `last_login_at` `last_login_at` DATETIME;
2026-03-03 20:49:35 info: 3ms Executed (default): SHOW INDEX FROM `users`
2026-03-03 20:49:35 info: 2ms Executed (default): SELECT `id`, `email`, `password`, `full_name` AS `fullName`, `role`, `status`, `last_login_at` AS `lastLoginAt`, `created_at` AS `createdAt`, `updated_at` AS `updatedAt` FROM `users` AS `UserModel` WHERE `UserModel`.`email` = 'admin@thsp.edu.vn';
2026-03-03 20:49:35 info: ℹ️ Admin user already exists, skipping seed
2026-03-03 20:49:47 info: [0mGET /api-docs/ [36m304[0m 4.333 ms - -[0m
2026-03-03 20:49:47 info: [0mGET /api-docs/swagger-ui.css [36m304[0m 3.183 ms - -[0m
2026-03-03 20:49:47 info: [0mGET /api-docs/swagger-ui-bundle.js [36m304[0m 2.816 ms - -[0m
2026-03-03 20:49:47 info: [0mGET /api-docs/swagger-ui-standalone-preset.js [36m304[0m 4.303 ms - -[0m
2026-03-03 20:49:47 info: [0mGET /api-docs/swagger-ui-init.js [32m200[0m 2.457 ms - -[0m
2026-03-03 20:49:47 info: [0mGET /api-docs/favicon-32x32.png [36m304[0m 0.683 ms - -[0m
2026-03-03 20:50:01 info: 1ms Executed (default): SELECT `id`, `email`, `password`, `full_name` AS `fullName`, `role`, `status`, `last_login_at` AS `lastLoginAt`, `created_at` AS `createdAt`, `updated_at` AS `updatedAt` FROM `users` AS `UserModel` WHERE `UserModel`.`email` = 'admin@thsp.edu.vn';
2026-03-03 20:50:01 info: 5ms Executed (default): UPDATE `users` SET `last_login_at`=?,`updated_at`=? WHERE `id` = ?; "2026-03-03 20:50:01", "2026-03-03 20:50:01", 3
2026-03-03 20:50:01 info: [0mPOST /auth/login [32m200[0m 89.890 ms - 464[0m
2026-03-03 20:50:13 info: 1ms Executed (default): SELECT `id`, `email`, `password`, `full_name` AS `fullName`, `role`, `status`, `last_login_at` AS `lastLoginAt`, `created_at` AS `createdAt`, `updated_at` AS `updatedAt` FROM `users` AS `UserModel` WHERE `UserModel`.`email` = 'admin@thsp.edu.vn';
2026-03-03 20:50:13 error: [POST] /auth/login >> StatusCode:: 401, Message:: Email hoặc mật khẩu không chính xác
2026-03-03 20:50:13 info: [0mPOST /auth/login [33m401[0m 59.978 ms - 87[0m
2026-03-03 20:51:07 info: 1ms Executed (default): SELECT `id`, `email`, `password`, `full_name` AS `fullName`, `role`, `status`, `last_login_at` AS `lastLoginAt`, `created_at` AS `createdAt`, `updated_at` AS `updatedAt` FROM `users` AS `UserModel` WHERE `UserModel`.`email` = 'admin@thsp.edu.vn';
2026-03-03 20:51:07 error: [POST] /auth/login >> StatusCode:: 401, Message:: Email hoặc mật khẩu không chính xác
2026-03-03 20:51:07 info: [0mPOST /auth/login [33m401[0m 62.240 ms - 87[0m
2026-03-03 20:51:12 info: 1ms Executed (default): SELECT `id`, `email`, `password`, `full_name` AS `fullName`, `role`, `status`, `last_login_at` AS `lastLoginAt`, `created_at` AS `createdAt`, `updated_at` AS `updatedAt` FROM `users` AS `UserModel` WHERE `UserModel`.`email` = 'admin@thsp.edu.vn';
2026-03-03 20:51:12 info: 3ms Executed (default): UPDATE `users` SET `last_login_at`=?,`updated_at`=? WHERE `id` = ?; "2026-03-03 20:51:12", "2026-03-03 20:51:12", 3
2026-03-03 20:51:12 info: [0mPOST /auth/login [32m200[0m 60.806 ms - 464[0m
2026-03-03 20:51:53 info: =================================
2026-03-03 20:51:53 info: ======= ENV: development =======
2026-03-03 20:51:53 info: 🚀 App listening on the port 5000
2026-03-03 20:51:53 info: =================================
2026-03-03 20:51:53 info: 1ms Executed (default): SELECT 1+1 AS result
2026-03-03 20:51:53 info: 3ms Executed (default): SELECT TABLE_NAME FROM INFORMATION_SCHEMA.TABLES WHERE TABLE_TYPE = 'BASE TABLE' AND TABLE_NAME = 'users' AND TABLE_SCHEMA = 'dev'
2026-03-03 20:51:53 info: 2ms Executed (default): SELECT CONSTRAINT_NAME as constraint_name,CONSTRAINT_NAME as constraintName,CONSTRAINT_SCHEMA as constraintSchema,CONSTRAINT_SCHEMA as constraintCatalog,TABLE_NAME as tableName,TABLE_SCHEMA as tableSchema,TABLE_SCHEMA as tableCatalog,COLUMN_NAME as columnName,REFERENCED_TABLE_SCHEMA as referencedTableSchema,REFERENCED_TABLE_SCHEMA as referencedTableCatalog,REFERENCED_TABLE_NAME as referencedTableName,REFERENCED_COLUMN_NAME as referencedColumnName FROM INFORMATION_SCHEMA.KEY_COLUMN_USAGE where TABLE_NAME = 'users' AND CONSTRAINT_NAME!='PRIMARY' AND CONSTRAINT_SCHEMA='dev' AND REFERENCED_TABLE_NAME IS NOT NULL;
2026-03-03 20:51:53 info: 3ms Executed (default): SHOW FULL COLUMNS FROM `users`;
2026-03-03 20:51:53 info: 28ms Executed (default): ALTER TABLE `users` CHANGE `email` `email` VARCHAR(100) NOT NULL UNIQUE;
2026-03-03 20:51:53 info: 6ms Executed (default): ALTER TABLE `users` CHANGE `password` `password` VARCHAR(255) NOT NULL;
2026-03-03 20:51:53 info: 5ms Executed (default): ALTER TABLE `users` CHANGE `created_at` `created_at` DATETIME NOT NULL;
2026-03-03 20:51:53 info: 6ms Executed (default): ALTER TABLE `users` CHANGE `updated_at` `updated_at` DATETIME NOT NULL;
2026-03-03 20:51:53 info: 5ms Executed (default): ALTER TABLE `users` CHANGE `full_name` `full_name` VARCHAR(100) NOT NULL;
2026-03-03 20:51:53 info: 5ms Executed (default): ALTER TABLE `users` CHANGE `role` `role` ENUM('admin', 'manager', 'staff') NOT NULL DEFAULT 'staff';
2026-03-03 20:51:53 info: 5ms Executed (default): ALTER TABLE `users` CHANGE `status` `status` ENUM('active', 'inactive', 'locked') NOT NULL DEFAULT 'active';
2026-03-03 20:51:53 info: 6ms Executed (default): ALTER TABLE `users` CHANGE `last_login_at` `last_login_at` DATETIME;
2026-03-03 20:51:53 info: 3ms Executed (default): SHOW INDEX FROM `users`
2026-03-03 20:51:53 info: 1ms Executed (default): SELECT `id`, `email`, `password`, `full_name` AS `fullName`, `role`, `status`, `last_login_at` AS `lastLoginAt`, `created_at` AS `createdAt`, `updated_at` AS `updatedAt` FROM `users` AS `UserModel` WHERE `UserModel`.`email` = 'admin@thsp.edu.vn';
2026-03-03 20:51:53 info: ℹ️ Admin user already exists, skipping seed
2026-03-03 20:52:02 info: =================================
2026-03-03 20:52:02 info: ======= ENV: development =======
2026-03-03 20:52:02 info: 🚀 App listening on the port 5000
2026-03-03 20:52:02 info: =================================
2026-03-03 20:52:02 info: 1ms Executed (default): SELECT 1+1 AS result
2026-03-03 20:52:02 info: 2ms Executed (default): SELECT TABLE_NAME FROM INFORMATION_SCHEMA.TABLES WHERE TABLE_TYPE = 'BASE TABLE' AND TABLE_NAME = 'users' AND TABLE_SCHEMA = 'dev'
2026-03-03 20:52:02 info: 2ms Executed (default): SELECT CONSTRAINT_NAME as constraint_name,CONSTRAINT_NAME as constraintName,CONSTRAINT_SCHEMA as constraintSchema,CONSTRAINT_SCHEMA as constraintCatalog,TABLE_NAME as tableName,TABLE_SCHEMA as tableSchema,TABLE_SCHEMA as tableCatalog,COLUMN_NAME as columnName,REFERENCED_TABLE_SCHEMA as referencedTableSchema,REFERENCED_TABLE_SCHEMA as referencedTableCatalog,REFERENCED_TABLE_NAME as referencedTableName,REFERENCED_COLUMN_NAME as referencedColumnName FROM INFORMATION_SCHEMA.KEY_COLUMN_USAGE where TABLE_NAME = 'users' AND CONSTRAINT_NAME!='PRIMARY' AND CONSTRAINT_SCHEMA='dev' AND REFERENCED_TABLE_NAME IS NOT NULL;
2026-03-03 20:52:02 info: 4ms Executed (default): SHOW FULL COLUMNS FROM `users`;
2026-03-03 20:52:02 info: 23ms Executed (default): ALTER TABLE `users` CHANGE `email` `email` VARCHAR(100) NOT NULL UNIQUE;
2026-03-03 20:52:02 info: 6ms Executed (default): ALTER TABLE `users` CHANGE `password` `password` VARCHAR(255) NOT NULL;
2026-03-03 20:52:02 info: 7ms Executed (default): ALTER TABLE `users` CHANGE `created_at` `created_at` DATETIME NOT NULL;
2026-03-03 20:52:02 info: 6ms Executed (default): ALTER TABLE `users` CHANGE `updated_at` `updated_at` DATETIME NOT NULL;
2026-03-03 20:52:02 info: 8ms Executed (default): ALTER TABLE `users` CHANGE `full_name` `full_name` VARCHAR(100) NOT NULL;
2026-03-03 20:52:02 info: 5ms Executed (default): ALTER TABLE `users` CHANGE `role` `role` ENUM('admin', 'manager', 'staff') NOT NULL DEFAULT 'staff';
2026-03-03 20:52:02 info: 5ms Executed (default): ALTER TABLE `users` CHANGE `status` `status` ENUM('active', 'inactive', 'locked') NOT NULL DEFAULT 'active';
2026-03-03 20:52:02 info: 6ms Executed (default): ALTER TABLE `users` CHANGE `last_login_at` `last_login_at` DATETIME;
2026-03-03 20:52:02 info: 3ms Executed (default): SHOW INDEX FROM `users`
2026-03-03 20:52:02 info: 1ms Executed (default): SELECT `id`, `email`, `password`, `full_name` AS `fullName`, `role`, `status`, `last_login_at` AS `lastLoginAt`, `created_at` AS `createdAt`, `updated_at` AS `updatedAt` FROM `users` AS `UserModel` WHERE `UserModel`.`email` = 'admin@thsp.edu.vn';
2026-03-03 20:52:02 info: ℹ️ Admin user already exists, skipping seed
2026-03-03 20:52:13 info: =================================
2026-03-03 20:52:13 info: ======= ENV: development =======
2026-03-03 20:52:13 info: 🚀 App listening on the port 5000
2026-03-03 20:52:13 info: =================================
2026-03-03 20:52:13 info: 1ms Executed (default): SELECT 1+1 AS result
2026-03-03 20:52:13 info: 2ms Executed (default): SELECT TABLE_NAME FROM INFORMATION_SCHEMA.TABLES WHERE TABLE_TYPE = 'BASE TABLE' AND TABLE_NAME = 'users' AND TABLE_SCHEMA = 'dev'
2026-03-03 20:52:13 info: 3ms Executed (default): SELECT CONSTRAINT_NAME as constraint_name,CONSTRAINT_NAME as constraintName,CONSTRAINT_SCHEMA as constraintSchema,CONSTRAINT_SCHEMA as constraintCatalog,TABLE_NAME as tableName,TABLE_SCHEMA as tableSchema,TABLE_SCHEMA as tableCatalog,COLUMN_NAME as columnName,REFERENCED_TABLE_SCHEMA as referencedTableSchema,REFERENCED_TABLE_SCHEMA as referencedTableCatalog,REFERENCED_TABLE_NAME as referencedTableName,REFERENCED_COLUMN_NAME as referencedColumnName FROM INFORMATION_SCHEMA.KEY_COLUMN_USAGE where TABLE_NAME = 'users' AND CONSTRAINT_NAME!='PRIMARY' AND CONSTRAINT_SCHEMA='dev' AND REFERENCED_TABLE_NAME IS NOT NULL;
2026-03-03 20:52:13 info: 5ms Executed (default): SHOW FULL COLUMNS FROM `users`;
2026-03-03 20:52:13 info: 31ms Executed (default): ALTER TABLE `users` CHANGE `email` `email` VARCHAR(100) NOT NULL UNIQUE;
2026-03-03 20:52:13 info: 6ms Executed (default): ALTER TABLE `users` CHANGE `password` `password` VARCHAR(255) NOT NULL;
2026-03-03 20:52:13 info: 7ms Executed (default): ALTER TABLE `users` CHANGE `created_at` `created_at` DATETIME NOT NULL;
2026-03-03 20:52:13 info: 7ms Executed (default): ALTER TABLE `users` CHANGE `updated_at` `updated_at` DATETIME NOT NULL;
2026-03-03 20:52:13 info: 6ms Executed (default): ALTER TABLE `users` CHANGE `full_name` `full_name` VARCHAR(100) NOT NULL;
2026-03-03 20:52:13 info: 6ms Executed (default): ALTER TABLE `users` CHANGE `role` `role` ENUM('admin', 'manager', 'staff') NOT NULL DEFAULT 'staff';
2026-03-03 20:52:13 info: 6ms Executed (default): ALTER TABLE `users` CHANGE `status` `status` ENUM('active', 'inactive', 'locked') NOT NULL DEFAULT 'active';
2026-03-03 20:52:13 info: 7ms Executed (default): ALTER TABLE `users` CHANGE `last_login_at` `last_login_at` DATETIME;
2026-03-03 20:52:13 info: 5ms Executed (default): SHOW INDEX FROM `users`
2026-03-03 20:52:13 info: 2ms Executed (default): SELECT `id`, `email`, `password`, `full_name` AS `fullName`, `role`, `status`, `last_login_at` AS `lastLoginAt`, `created_at` AS `createdAt`, `updated_at` AS `updatedAt` FROM `users` AS `UserModel` WHERE `UserModel`.`email` = 'admin@thsp.edu.vn';
2026-03-03 20:52:13 info: ℹ️ Admin user already exists, skipping seed
2026-03-03 20:52:16 info: =================================
2026-03-03 20:52:16 info: ======= ENV: development =======
2026-03-03 20:52:16 info: 🚀 App listening on the port 5000
2026-03-03 20:52:16 info: =================================
2026-03-03 20:52:16 info: 1ms Executed (default): SELECT 1+1 AS result
2026-03-03 20:52:16 info: 2ms Executed (default): SELECT TABLE_NAME FROM INFORMATION_SCHEMA.TABLES WHERE TABLE_TYPE = 'BASE TABLE' AND TABLE_NAME = 'users' AND TABLE_SCHEMA = 'dev'
2026-03-03 20:52:16 info: 1ms Executed (default): SELECT CONSTRAINT_NAME as constraint_name,CONSTRAINT_NAME as constraintName,CONSTRAINT_SCHEMA as constraintSchema,CONSTRAINT_SCHEMA as constraintCatalog,TABLE_NAME as tableName,TABLE_SCHEMA as tableSchema,TABLE_SCHEMA as tableCatalog,COLUMN_NAME as columnName,REFERENCED_TABLE_SCHEMA as referencedTableSchema,REFERENCED_TABLE_SCHEMA as referencedTableCatalog,REFERENCED_TABLE_NAME as referencedTableName,REFERENCED_COLUMN_NAME as referencedColumnName FROM INFORMATION_SCHEMA.KEY_COLUMN_USAGE where TABLE_NAME = 'users' AND CONSTRAINT_NAME!='PRIMARY' AND CONSTRAINT_SCHEMA='dev' AND REFERENCED_TABLE_NAME IS NOT NULL;
2026-03-03 20:52:16 info: 3ms Executed (default): SHOW FULL COLUMNS FROM `users`;
2026-03-03 20:52:16 info: 16ms Executed (default): ALTER TABLE `users` CHANGE `email` `email` VARCHAR(100) NOT NULL UNIQUE;
2026-03-03 20:52:16 info: 6ms Executed (default): ALTER TABLE `users` CHANGE `password` `password` VARCHAR(255) NOT NULL;
2026-03-03 20:52:16 info: 10ms Executed (default): ALTER TABLE `users` CHANGE `created_at` `created_at` DATETIME NOT NULL;
2026-03-03 20:52:16 info: 7ms Executed (default): ALTER TABLE `users` CHANGE `updated_at` `updated_at` DATETIME NOT NULL;
2026-03-03 20:52:16 info: 6ms Executed (default): ALTER TABLE `users` CHANGE `full_name` `full_name` VARCHAR(100) NOT NULL;
2026-03-03 20:52:16 info: 7ms Executed (default): ALTER TABLE `users` CHANGE `role` `role` ENUM('admin', 'manager', 'staff') NOT NULL DEFAULT 'staff';
2026-03-03 20:52:16 info: 5ms Executed (default): ALTER TABLE `users` CHANGE `status` `status` ENUM('active', 'inactive', 'locked') NOT NULL DEFAULT 'active';
2026-03-03 20:52:16 info: 6ms Executed (default): ALTER TABLE `users` CHANGE `last_login_at` `last_login_at` DATETIME;
2026-03-03 20:52:16 info: 4ms Executed (default): SHOW INDEX FROM `users`
2026-03-03 20:52:16 info: 1ms Executed (default): SELECT `id`, `email`, `password`, `full_name` AS `fullName`, `role`, `status`, `last_login_at` AS `lastLoginAt`, `created_at` AS `createdAt`, `updated_at` AS `updatedAt` FROM `users` AS `UserModel` WHERE `UserModel`.`email` = 'admin@thsp.edu.vn';
2026-03-03 20:52:16 info: ℹ️ Admin user already exists, skipping seed
2026-03-03 20:52:18 info: =================================
2026-03-03 20:52:18 info: ======= ENV: development =======
2026-03-03 20:52:18 info: 🚀 App listening on the port 5000
2026-03-03 20:52:18 info: =================================
2026-03-03 20:52:18 info: 0ms Executed (default): SELECT 1+1 AS result
2026-03-03 20:52:18 info: 1ms Executed (default): SELECT TABLE_NAME FROM INFORMATION_SCHEMA.TABLES WHERE TABLE_TYPE = 'BASE TABLE' AND TABLE_NAME = 'users' AND TABLE_SCHEMA = 'dev'
2026-03-03 20:52:18 info: 2ms Executed (default): SELECT CONSTRAINT_NAME as constraint_name,CONSTRAINT_NAME as constraintName,CONSTRAINT_SCHEMA as constraintSchema,CONSTRAINT_SCHEMA as constraintCatalog,TABLE_NAME as tableName,TABLE_SCHEMA as tableSchema,TABLE_SCHEMA as tableCatalog,COLUMN_NAME as columnName,REFERENCED_TABLE_SCHEMA as referencedTableSchema,REFERENCED_TABLE_SCHEMA as referencedTableCatalog,REFERENCED_TABLE_NAME as referencedTableName,REFERENCED_COLUMN_NAME as referencedColumnName FROM INFORMATION_SCHEMA.KEY_COLUMN_USAGE where TABLE_NAME = 'users' AND CONSTRAINT_NAME!='PRIMARY' AND CONSTRAINT_SCHEMA='dev' AND REFERENCED_TABLE_NAME IS NOT NULL;
2026-03-03 20:52:18 info: 5ms Executed (default): SHOW FULL COLUMNS FROM `users`;
2026-03-03 20:52:18 info: 18ms Executed (default): ALTER TABLE `users` CHANGE `email` `email` VARCHAR(100) NOT NULL UNIQUE;
2026-03-03 20:52:18 info: 8ms Executed (default): ALTER TABLE `users` CHANGE `password` `password` VARCHAR(255) NOT NULL;
2026-03-03 20:52:18 info: 6ms Executed (default): ALTER TABLE `users` CHANGE `created_at` `created_at` DATETIME NOT NULL;
2026-03-03 20:52:18 info: 7ms Executed (default): ALTER TABLE `users` CHANGE `updated_at` `updated_at` DATETIME NOT NULL;
2026-03-03 20:52:18 info: 7ms Executed (default): ALTER TABLE `users` CHANGE `full_name` `full_name` VARCHAR(100) NOT NULL;
2026-03-03 20:52:18 info: 8ms Executed (default): ALTER TABLE `users` CHANGE `role` `role` ENUM('admin', 'manager', 'staff') NOT NULL DEFAULT 'staff';
2026-03-03 20:52:19 info: 6ms Executed (default): ALTER TABLE `users` CHANGE `status` `status` ENUM('active', 'inactive', 'locked') NOT NULL DEFAULT 'active';
2026-03-03 20:52:19 info: 6ms Executed (default): ALTER TABLE `users` CHANGE `last_login_at` `last_login_at` DATETIME;
2026-03-03 20:52:19 info: 4ms Executed (default): SHOW INDEX FROM `users`
2026-03-03 20:52:19 info: 2ms Executed (default): SELECT `id`, `email`, `password`, `full_name` AS `fullName`, `role`, `status`, `last_login_at` AS `lastLoginAt`, `created_at` AS `createdAt`, `updated_at` AS `updatedAt` FROM `users` AS `UserModel` WHERE `UserModel`.`email` = 'admin@thsp.edu.vn';
2026-03-03 20:52:19 info: ℹ️ Admin user already exists, skipping seed
2026-03-03 20:53:04 info: 1ms Executed (default): SELECT `id`, `email`, `password`, `full_name` AS `fullName`, `role`, `status`, `last_login_at` AS `lastLoginAt`, `created_at` AS `createdAt`, `updated_at` AS `updatedAt` FROM `users` AS `UserModel`;
2026-03-03 20:53:04 info: [0mGET /users [32m200[0m 13.210 ms - 841[0m
2026-03-03 20:53:34 info: 2ms Executed (default): SELECT `id`, `email`, `password`, `full_name` AS `fullName`, `role`, `status`, `last_login_at` AS `lastLoginAt`, `created_at` AS `createdAt`, `updated_at` AS `updatedAt` FROM `users` AS `UserModel` WHERE `UserModel`.`id` = 3;
2026-03-03 20:53:34 info: 2ms Executed (default): SELECT `id`, `email`, `full_name` AS `fullName`, `role`, `status`, `last_login_at` AS `lastLoginAt`, `created_at` AS `createdAt`, `updated_at` AS `updatedAt` FROM `users` AS `UserModel` WHERE `UserModel`.`id` = 3;
2026-03-03 20:53:34 info: [0mGET /auth/profile [32m200[0m 15.237 ms - 301[0m
2026-03-03 20:53:45 info: 1ms Executed (default): SELECT `id`, `email`, `password`, `full_name` AS `fullName`, `role`, `status`, `last_login_at` AS `lastLoginAt`, `created_at` AS `createdAt`, `updated_at` AS `updatedAt` FROM `users` AS `UserModel` WHERE `UserModel`.`id` = 3;
2026-03-03 20:53:45 info: 1ms Executed (default): SELECT `id`, `email`, `full_name` AS `fullName`, `role`, `status`, `last_login_at` AS `lastLoginAt`, `created_at` AS `createdAt`, `updated_at` AS `updatedAt` FROM `users` AS `UserModel` WHERE `UserModel`.`id` = 3;
2026-03-03 20:53:45 info: [0mGET /auth/profile [36m304[0m 7.233 ms - -[0m
2026-03-03 20:53:51 info: 1ms Executed (default): SELECT `id`, `email`, `password`, `full_name` AS `fullName`, `role`, `status`, `last_login_at` AS `lastLoginAt`, `created_at` AS `createdAt`, `updated_at` AS `updatedAt` FROM `users` AS `UserModel` WHERE `UserModel`.`id` = 3;
2026-03-03 20:53:51 info: 0ms Executed (default): SELECT `id`, `email`, `password`, `full_name` AS `fullName`, `role`, `status`, `last_login_at` AS `lastLoginAt`, `created_at` AS `createdAt`, `updated_at` AS `updatedAt` FROM `users` AS `UserModel` WHERE `UserModel`.`id` = 3;
2026-03-03 20:53:51 info: [0mPOST /auth/logout [32m200[0m 4.671 ms - 55[0m
2026-03-03 20:53:53 error: [GET] /auth/profile >> StatusCode:: 404, Message:: Authentication token missing
2026-03-03 20:53:53 info: [0mGET /auth/profile [33m404[0m 1.529 ms - 71[0m
2026-03-03 20:54:06 error: [POST] /auth/logout >> StatusCode:: 404, Message:: Authentication token missing
2026-03-03 20:54:06 info: [0mPOST /auth/logout [33m404[0m 1.137 ms - 71[0m
2026-03-03 20:56:33 info: =================================
2026-03-03 20:56:33 info: ======= ENV: development =======
2026-03-03 20:56:33 info: 🚀 App listening on the port 5000
2026-03-03 20:56:33 info: =================================
2026-03-03 20:56:33 info: 1ms Executed (default): SELECT 1+1 AS result
2026-03-03 20:56:33 info: 2ms Executed (default): SELECT TABLE_NAME FROM INFORMATION_SCHEMA.TABLES WHERE TABLE_TYPE = 'BASE TABLE' AND TABLE_NAME = 'users' AND TABLE_SCHEMA = 'dev'
2026-03-03 20:56:33 info: 2ms Executed (default): SELECT CONSTRAINT_NAME as constraint_name,CONSTRAINT_NAME as constraintName,CONSTRAINT_SCHEMA as constraintSchema,CONSTRAINT_SCHEMA as constraintCatalog,TABLE_NAME as tableName,TABLE_SCHEMA as tableSchema,TABLE_SCHEMA as tableCatalog,COLUMN_NAME as columnName,REFERENCED_TABLE_SCHEMA as referencedTableSchema,REFERENCED_TABLE_SCHEMA as referencedTableCatalog,REFERENCED_TABLE_NAME as referencedTableName,REFERENCED_COLUMN_NAME as referencedColumnName FROM INFORMATION_SCHEMA.KEY_COLUMN_USAGE where TABLE_NAME = 'users' AND CONSTRAINT_NAME!='PRIMARY' AND CONSTRAINT_SCHEMA='dev' AND REFERENCED_TABLE_NAME IS NOT NULL;
2026-03-03 20:56:33 info: 3ms Executed (default): SHOW FULL COLUMNS FROM `users`;
2026-03-03 20:56:33 info: 23ms Executed (default): ALTER TABLE `users` CHANGE `email` `email` VARCHAR(100) NOT NULL UNIQUE;
2026-03-03 20:56:33 info: 6ms Executed (default): ALTER TABLE `users` CHANGE `password` `password` VARCHAR(255) NOT NULL;
2026-03-03 20:56:33 info: 6ms Executed (default): ALTER TABLE `users` CHANGE `created_at` `created_at` DATETIME NOT NULL;
2026-03-03 20:56:33 info: 6ms Executed (default): ALTER TABLE `users` CHANGE `updated_at` `updated_at` DATETIME NOT NULL;
2026-03-03 20:56:33 info: 8ms Executed (default): ALTER TABLE `users` CHANGE `full_name` `full_name` VARCHAR(100) NOT NULL;
2026-03-03 20:56:33 info: 6ms Executed (default): ALTER TABLE `users` CHANGE `role` `role` ENUM('admin', 'manager', 'staff') NOT NULL DEFAULT 'staff';
2026-03-03 20:56:33 info: 10ms Executed (default): ALTER TABLE `users` CHANGE `status` `status` ENUM('active', 'inactive', 'locked') NOT NULL DEFAULT 'active';
2026-03-03 20:56:33 info: 6ms Executed (default): ALTER TABLE `users` CHANGE `last_login_at` `last_login_at` DATETIME;
2026-03-03 20:56:33 info: 3ms Executed (default): SHOW INDEX FROM `users`
2026-03-03 20:56:33 info: 1ms Executed (default): SELECT `id`, `email`, `password`, `full_name` AS `fullName`, `role`, `status`, `last_login_at` AS `lastLoginAt`, `created_at` AS `createdAt`, `updated_at` AS `updatedAt` FROM `users` AS `UserModel` WHERE `UserModel`.`email` = 'admin@thsp.edu.vn';
2026-03-03 20:56:33 info: ℹ️ Admin user already exists, skipping seed
2026-03-03 20:56:37 info: [0mGET /api-docs/ [36m304[0m 4.562 ms - -[0m
2026-03-03 20:56:37 info: [0mGET /api-docs/swagger-ui.css [36m304[0m 4.136 ms - -[0m
2026-03-03 20:56:37 info: [0mGET /api-docs/swagger-ui-bundle.js [36m304[0m 3.948 ms - -[0m
2026-03-03 20:56:37 info: [0mGET /api-docs/swagger-ui-init.js [36m304[0m 0.422 ms - -[0m
2026-03-03 20:56:37 info: [0mGET /api-docs/swagger-ui-standalone-preset.js [36m304[0m 2.095 ms - -[0m
2026-03-03 20:56:46 info: 1ms Executed (default): SELECT `id`, `email`, `password`, `full_name` AS `fullName`, `role`, `status`, `last_login_at` AS `lastLoginAt`, `created_at` AS `createdAt`, `updated_at` AS `updatedAt` FROM `users` AS `UserModel` WHERE `UserModel`.`email` = 'admin@thsp.edu.vn';
2026-03-03 20:56:46 info: 4ms Executed (default): UPDATE `users` SET `last_login_at`=?,`updated_at`=? WHERE `id` = ?; "2026-03-03 20:56:46", "2026-03-03 20:56:46", 3
2026-03-03 20:56:46 info: [0mPOST /auth/login [32m200[0m 86.986 ms - 464[0m
